[INFO] Scanning for projects...
[INFO] 
[INFO] --------------------< com.example:products-service >--------------------
[INFO] Building products-service 0.0.1-SNAPSHOT
[INFO]   from pom.xml
[INFO] --------------------------------[ jar ]---------------------------------
[INFO] 
[INFO] --- clean:3.4.0:clean (default-clean) @ products-service ---
[INFO] Deleting C:\Users\GigaLap\Videos\E-Commerce Platform\E-Commerce-back\Products-Service\target
[INFO] 
[INFO] >>> spring-boot:3.4.1:run (default-cli) > test-compile @ products-service >>>
[INFO] 
[INFO] --- resources:3.3.1:resources (default-resources) @ products-service ---
[INFO] Copying 1 resource from src\main\resources to target\classes
[INFO] Copying 0 resource from src\main\resources to target\classes
[INFO] 
[INFO] --- compiler:3.13.0:compile (default-compile) @ products-service ---
[INFO] Recompiling the module because of changed source code.
[INFO] Compiling 6 source files with javac [debug parameters release 17] to target\classes
[INFO] /C:/Users/GigaLap/Videos/E-Commerce Platform/E-Commerce-back/Products-Service/src/main/java/com/example/Products_Service/entites/Product.java: C:\Users\GigaLap\Videos\E-Commerce Platform\E-Commerce-back\Products-Service\src\main\java\com\example\Products_Service\entites\Product.java uses or overrides a deprecated API.
[INFO] /C:/Users/GigaLap/Videos/E-Commerce Platform/E-Commerce-back/Products-Service/src/main/java/com/example/Products_Service/entites/Product.java: Recompile with -Xlint:deprecation for details.
[INFO] 
[INFO] --- resources:3.3.1:testResources (default-testResources) @ products-service ---
[INFO] skip non existing resourceDirectory C:\Users\GigaLap\Videos\E-Commerce Platform\E-Commerce-back\Products-Service\src\test\resources
[INFO] 
[INFO] --- compiler:3.13.0:testCompile (default-testCompile) @ products-service ---
[INFO] Recompiling the module because of changed dependency.
[INFO] Compiling 1 source file with javac [debug parameters release 17] to target\test-classes
[INFO] 
[INFO] <<< spring-boot:3.4.1:run (default-cli) < test-compile @ products-service <<<
[INFO] 
[INFO] 
[INFO] --- spring-boot:3.4.1:run (default-cli) @ products-service ---
[INFO] Attaching agents: []

  .   ____          _            __ _ _
 /\\ / ___'_ __ _ _(_)_ __  __ _ \ \ \ \
( ( )\___ | '_ | '_| | '_ \/ _` | \ \ \ \
 \\/  ___)| |_)| | | | | || (_| |  ) ) ) )
  '  |____| .__|_| |_|_| |_\__, | / / / /
 =========|_|==============|___/=/_/_/_/

 :: Spring Boot ::                (v3.4.1)

2026-01-11T19:53:59.306+01:00  INFO 9384 --- [product-service] [           main] c.e.P.ProductsServiceApplication         : Starting ProductsServiceApplication using Java 17.0.16 with PID 9384 (C:\Users\GigaLap\Videos\E-Commerce Platform\E-Commerce-back\Products-Service\target\classes started by GigaLap in C:\Users\GigaLap\Videos\E-Commerce Platform\E-Commerce-back\Products-Service)
2026-01-11T19:53:59.314+01:00  INFO 9384 --- [product-service] [           main] c.e.P.ProductsServiceApplication         : No active profile set, falling back to 1 default profile: "default"
2026-01-11T19:54:01.316+01:00  INFO 9384 --- [product-service] [           main] .s.d.r.c.RepositoryConfigurationDelegate : Bootstrapping Spring Data JPA repositories in DEFAULT mode.
2026-01-11T19:54:01.409+01:00  INFO 9384 --- [product-service] [           main] .s.d.r.c.RepositoryConfigurationDelegate : Finished Spring Data repository scanning in 75 ms. Found 1 JPA repository interface.
2026-01-11T19:54:02.619+01:00  INFO 9384 --- [product-service] [           main] o.s.b.w.embedded.tomcat.TomcatWebServer  : Tomcat initialized with port 8083 (http)
2026-01-11T19:54:02.642+01:00  INFO 9384 --- [product-service] [           main] o.apache.catalina.core.StandardService   : Starting service [Tomcat]
2026-01-11T19:54:02.644+01:00  INFO 9384 --- [product-service] [           main] o.apache.catalina.core.StandardEngine    : Starting Servlet engine: [Apache Tomcat/10.1.34]
2026-01-11T19:54:02.773+01:00  INFO 9384 --- [product-service] [           main] o.a.c.c.C.[Tomcat].[localhost].[/]       : Initializing Spring embedded WebApplicationContext
2026-01-11T19:54:02.775+01:00  INFO 9384 --- [product-service] [           main] w.s.c.ServletWebServerApplicationContext : Root WebApplicationContext: initialization completed in 3291 ms
2026-01-11T19:54:03.237+01:00  INFO 9384 --- [product-service] [           main] o.hibernate.jpa.internal.util.LogHelper  : HHH000204: Processing PersistenceUnitInfo [name: default]
2026-01-11T19:54:03.488+01:00  INFO 9384 --- [product-service] [           main] org.hibernate.Version                    : HHH000412: Hibernate ORM core version 6.6.4.Final
2026-01-11T19:54:03.585+01:00  INFO 9384 --- [product-service] [           main] o.h.c.internal.RegionFactoryInitiator    : HHH000026: Second-level cache disabled
2026-01-11T19:54:04.305+01:00  INFO 9384 --- [product-service] [           main] o.s.o.j.p.SpringPersistenceUnitInfo      : No LoadTimeWeaver setup: ignoring JPA class transformer
2026-01-11T19:54:04.373+01:00  INFO 9384 --- [product-service] [           main] com.zaxxer.hikari.HikariDataSource       : HikariPool-1 - Starting...
2026-01-11T19:54:04.818+01:00  INFO 9384 --- [product-service] [           main] com.zaxxer.hikari.pool.HikariPool        : HikariPool-1 - Added connection conn0: url=jdbc:h2:mem:products-db user=SA
2026-01-11T19:54:04.821+01:00  INFO 9384 --- [product-service] [           main] com.zaxxer.hikari.HikariDataSource       : HikariPool-1 - Start completed.
2026-01-11T19:54:04.885+01:00  WARN 9384 --- [product-service] [           main] org.hibernate.orm.deprecation            : HHH90000025: H2Dialect does not need to be specified explicitly using 'hibernate.dialect' (remove the property setting and it will be selected by default)
2026-01-11T19:54:04.940+01:00  INFO 9384 --- [product-service] [           main] org.hibernate.orm.connections.pooling    : HHH10001005: Database info:
	Database JDBC URL [Connecting through datasource 'HikariDataSource (HikariPool-1)']
	Database driver: undefined/unknown
	Database version: 2.3.232
	Autocommit mode: undefined/unknown
	Isolation level: undefined/unknown
	Minimum pool size: undefined/unknown
	Maximum pool size: undefined/unknown
2026-01-11T19:54:06.559+01:00  INFO 9384 --- [product-service] [           main] o.h.e.t.j.p.i.JtaPlatformInitiator       : HHH000489: No JTA platform available (set 'hibernate.transaction.jta.platform' to enable JTA platform integration)
Hibernate: 
    create table products (
        id bigint generated by default as identity,
        description varchar(255),
        name varchar(255),
        price numeric(38,2) not null,
        quantity_in_stock integer not null,
        primary key (id)
    )
2026-01-11T19:54:06.694+01:00  INFO 9384 --- [product-service] [           main] j.LocalContainerEntityManagerFactoryBean : Initialized JPA EntityManagerFactory for persistence unit 'default'
DEBUG: ControllerProduct instantiated!
2026-01-11T19:54:07.201+01:00  WARN 9384 --- [product-service] [           main] JpaBaseConfiguration$JpaWebConfiguration : spring.jpa.open-in-view is enabled by default. Therefore, database queries may be performed during view rendering. Explicitly configure spring.jpa.open-in-view to disable this warning
2026-01-11T19:54:07.237+01:00 DEBUG 9384 --- [product-service] [           main] swordEncoderAuthenticationManagerBuilder : No authenticationProviders and no parentAuthenticationManager defined. Returning null.
2026-01-11T19:54:07.575+01:00 DEBUG 9384 --- [product-service] [           main] s.w.s.m.m.a.RequestMappingHandlerMapping : 6 mappings in 'requestMappingHandlerMapping'
2026-01-11T19:54:07.723+01:00 DEBUG 9384 --- [product-service] [           main] o.s.w.s.handler.SimpleUrlHandlerMapping  : Patterns [/webjars/**, /**] in 'resourceHandlerMapping'
2026-01-11T19:54:07.899+01:00 DEBUG 9384 --- [product-service] [           main] o.s.s.web.DefaultSecurityFilterChain     : Will secure any request with filters: DisableEncodeUrlFilter, WebAsyncManagerIntegrationFilter, SecurityContextHolderFilter, HeaderWriterFilter, CorsFilter, LogoutFilter, BearerTokenAuthenticationFilter, RequestCacheAwareFilter, SecurityContextHolderAwareRequestFilter, AnonymousAuthenticationFilter, ExceptionTranslationFilter, AuthorizationFilter
2026-01-11T19:54:08.081+01:00 DEBUG 9384 --- [product-service] [           main] s.w.s.m.m.a.RequestMappingHandlerAdapter : ControllerAdvice beans: 0 @ModelAttribute, 0 @InitBinder, 1 RequestBodyAdvice, 1 ResponseBodyAdvice
2026-01-11T19:54:08.172+01:00 DEBUG 9384 --- [product-service] [           main] .m.m.a.ExceptionHandlerExceptionResolver : ControllerAdvice beans: 0 @ExceptionHandler, 1 ResponseBodyAdvice
2026-01-11T19:54:08.241+01:00  INFO 9384 --- [product-service] [           main] o.s.b.a.h2.H2ConsoleAutoConfiguration    : H2 console available at '/h2-console'. Database available at 'jdbc:h2:mem:products-db'
2026-01-11T19:54:08.403+01:00  WARN 9384 --- [product-service] [           main] ConfigServletWebServerApplicationContext : Exception encountered during context initialization - cancelling refresh attempt: org.springframework.context.ApplicationContextException: Failed to start bean 'webServerStartStop'
2026-01-11T19:54:08.405+01:00  INFO 9384 --- [product-service] [           main] j.LocalContainerEntityManagerFactoryBean : Closing JPA EntityManagerFactory for persistence unit 'default'
2026-01-11T19:54:08.405+01:00  INFO 9384 --- [product-service] [           main] com.zaxxer.hikari.HikariDataSource       : HikariPool-1 - Shutdown initiated...
2026-01-11T19:54:08.414+01:00  INFO 9384 --- [product-service] [           main] com.zaxxer.hikari.HikariDataSource       : HikariPool-1 - Shutdown completed.
2026-01-11T19:54:08.441+01:00  INFO 9384 --- [product-service] [           main] .s.b.a.l.ConditionEvaluationReportLogger : 

Error starting ApplicationContext. To display the condition evaluation report re-run your application with 'debug' enabled.
2026-01-11T19:54:08.484+01:00 ERROR 9384 --- [product-service] [           main] o.s.b.d.LoggingFailureAnalysisReporter   : 

***************************
APPLICATION FAILED TO START
***************************

Description:

Web server failed to start. Port 8083 was already in use.

Action:

Identify and stop the process that's listening on port 8083 or configure this application to listen on another port.

[INFO] ------------------------------------------------------------------------
[INFO] BUILD FAILURE
[INFO] ------------------------------------------------------------------------
[INFO] Total time:  22.630 s
[INFO] Finished at: 2026-01-11T19:54:08+01:00
[INFO] ------------------------------------------------------------------------
[ERROR] Failed to execute goal org.springframework.boot:spring-boot-maven-plugin:3.4.1:run (default-cli) on project products-service: Process terminated with exit code: 1 -> [Help 1]
[ERROR] 
[ERROR] To see the full stack trace of the errors, re-run Maven with the -e switch.
[ERROR] Re-run Maven using the -X switch to enable full debug logging.
[ERROR] 
[ERROR] For more information about the errors and possible solutions, please read the following articles:
[ERROR] [Help 1] http://cwiki.apache.org/confluence/display/MAVEN/MojoExecutionException
